\BOOKMARK [0][-]{chapter*.1}{\376\377\000A\000b\000s\000t\000r\000a\000c\000t}{}% 1
\BOOKMARK [1][-]{section*.2}{\376\377\000Q\000u\000e\000s\000t\000i\000o\000n\000s}{chapter*.1}% 2
\BOOKMARK [1][-]{section*.3}{\376\377\000A\000u\000t\000h\000o\000r\000'\000s\000\040\000N\000o\000t\000e}{chapter*.1}% 3
\BOOKMARK [1][-]{section*.4}{\376\377\000I\000n\000d\000e\000x\000\040\000o\000f\000\040\000D\000e\000f\000i\000n\000i\000t\000i\000o\000n\000s}{chapter*.1}% 4
\BOOKMARK [0][-]{chapter*.5}{\376\377\000I\000n\000t\000r\000o\000d\000u\000c\000t\000i\000o\000n}{}% 5
\BOOKMARK [1][-]{section*.6}{\376\377\000D\000e\000a\000r\000\040\000m\000e\000,}{chapter*.5}% 6
\BOOKMARK [2][-]{section*.7}{\376\377\000Y\000o\000u\000r\000\040\000l\000i\000f\000e}{section*.6}% 7
\BOOKMARK [2][-]{section*.8}{\376\377\000i\000s}{section*.6}% 8
\BOOKMARK [2][-]{section*.9}{\376\377\000a\000\040\000g\000a\000m\000e\000.}{section*.6}% 9
\BOOKMARK [1][-]{section*.10}{\376\377\000y\000o\000u\000\040\000a\000n\000d\000\040\000m\000e}{chapter*.5}% 10
\BOOKMARK [1][-]{section*.11}{\376\377\000G\000o\000\040\000C\000a\000m\000p\000i\000n\000g}{chapter*.5}% 11
\BOOKMARK [2][-]{section*.12}{\376\377\000i\000n\000\040\000t\000w\000o\000\040\000w\000o\000r\000l\000d\000s}{section*.11}% 12
\BOOKMARK [2][-]{section*.13}{\376\377\000o\000r\000\040\000e\000a\000t\000\040\000r\000i\000g\000h\000t\000.}{section*.11}% 13
\BOOKMARK [1][-]{section*.14}{\376\377\000B\000e\000\040\000h\000o\000m\000e\000l\000e\000s\000s}{chapter*.5}% 14
\BOOKMARK [2][-]{section*.15}{\376\377\000D\000o\000,\000\040\000d\000o\000n\000'\000t\000\040\000t\000h\000i\000n\000k\000.}{section*.14}% 15
\BOOKMARK [2][-]{section*.16}{\376\377\000O\000r\000\040\000l\000i\000k\000e\000\040\000i\000t\000.}{section*.14}% 16
\BOOKMARK [2][-]{section*.17}{\376\377\000T\000I\000M\000E\000\040\000c\000h\000a\000n\000g\000e\000s}{section*.14}% 17
\BOOKMARK [1][-]{section*.18}{\376\377\000T\000h\000e\000\040\000G\000a\000r\000d\000e\000n}{chapter*.5}% 18
\BOOKMARK [1][-]{section*.19}{\376\377\000L\000E\000S\000S\000O\000N\000s}{chapter*.5}% 19
\BOOKMARK [1][-]{section*.20}{\376\377\000T\000h\000i\000s\000\040\000b\000o\000o\000k\000'\000s\000\040\000F\000O\000O\000D\000.}{chapter*.5}% 20
\BOOKMARK [0][-]{chapter*.21}{\376\377\000\050\000P\000A\000R\000T\000\051\000\040\000T\000h\000e\000\040\000G\000a\000r\000d\000e\000n}{}% 21
\BOOKMARK [0][-]{chapter*.22}{\376\377\000S\000E\000L\000F}{}% 22
\BOOKMARK [1][-]{section*.23}{\376\377\000Y\000o\000u\000r\000\040\000G\000a\000r\000d\000e\000n}{chapter*.22}% 23
\BOOKMARK [1][-]{section*.24}{\376\377\000C\000o\000r\000e\000\040\000C\000o\000n\000c\000e\000p\000t\000s}{chapter*.22}% 24
\BOOKMARK [2][-]{section*.25}{\376\377\000G\000O\000A\000L\000S}{section*.24}% 25
\BOOKMARK [2][-]{section*.26}{\376\377\000S\000E\000L\000F}{section*.24}% 26
\BOOKMARK [2][-]{section*.27}{\376\377\000H\000o\000m\000e}{section*.24}% 27
\BOOKMARK [0][-]{chapter*.28}{\376\377\000P\000r\000i\000o\000r\000i\000t\000i\000e\000s}{}% 28
\BOOKMARK [1][-]{section*.29}{\376\377\000Y\000o\000u\000r\000\040\000C\000a\000l\000l\000i\000n\000g\000,\000\040\000P\000a\000r\000t\000\040\000I}{chapter*.28}% 29
\BOOKMARK [1][-]{section*.30}{\376\377\000C\000a\000k\000e\000\040\000o\000f\000\040\000C\000a\000k\000e\000s}{chapter*.28}% 30
\BOOKMARK [1][-]{section*.31}{\376\377\000D\000e\000a\000t\000h\000\040\000a\000n\000d\000\040\000S\000i\000c\000k\000n\000e\000s\000s}{chapter*.28}% 31
\BOOKMARK [1][-]{section*.32}{\376\377\000B\000a\000d\000\040\000d\000a\000y\000s}{chapter*.28}% 32
\BOOKMARK [1][-]{section*.33}{\376\377\000A\000t\000t\000e\000n\000t\000i\000o\000n\000\040\000a\000n\000d\000\040\000t\000i\000m\000e}{chapter*.28}% 33
\BOOKMARK [0][-]{chapter*.34}{\376\377\000P\000P\000L}{}% 34
\BOOKMARK [1][-]{section*.35}{\376\377\000p\000u\000s\000h\000e\000d\000\040\000i\000n\000\040\000n\000e\000w\000\040\000w\000o\000r\000k}{chapter*.34}% 35
\BOOKMARK [2][-]{section*.36}{\376\377\000i\000n\000t\000r\000o}{section*.35}% 36
\BOOKMARK [2][-]{section*.37}{\376\377\000f\000i\000r\000s\000t\000\040\000i\000n\000t\000e\000r\000m\000i\000s\000s\000i\000o\000n}{section*.35}% 37
\BOOKMARK [2][-]{section*.38}{\376\377\000p\000a\000r\000t\000\040\000t\000w\000o\000:\000\040\000r\000u\000l\000e\000s\000\040\000o\000f\000\040\000w\000o\000r\000k}{section*.35}% 38
\BOOKMARK [2][-]{section*.39}{\376\377\000p\000a\000r\000t\000\040\000t\000h\000r\000e\000e\000:\000\040\000s\000h\000a\000r\000e\000d\000\040\000t\000h\000i\000n\000k\000i\000n\000g}{section*.35}% 39
\BOOKMARK [1][-]{section*.40}{\376\377\000W\000h\000o\000\040\000a\000r\000e\000\040\000P\000P\000L}{chapter*.34}% 40
\BOOKMARK [1][-]{section*.41}{\376\377\000W\000O\000R\000K}{chapter*.34}% 41
\BOOKMARK [1][-]{section*.42}{\376\377\000T\000h\000e\000\040\000C\000l\000a\000s\000s\000r\000o\000o\000m}{chapter*.34}% 42
\BOOKMARK [0][-]{chapter*.43}{\376\377\000B\000E\000T}{}% 43
\BOOKMARK [1][-]{section*.44}{\376\377\000A\000\040\000p\000a\000r\000a\000b\000l\000e}{chapter*.43}% 44
\BOOKMARK [2][-]{section*.45}{\376\377\000A\000\040\000s\000t\000r\000a\000n\000g\000e\000r\000\040\000c\000o\000m\000e\000s\000\040\000t\000o\000\040\000t\000o\000w\000n\000.}{section*.44}% 45
\BOOKMARK [2][-]{section*.46}{\376\377\000W\000h\000a\000t\000\040\000t\000o\000\040\000B\000E\000T}{section*.44}% 46
\BOOKMARK [2][-]{section*.47}{\376\377\000A\000f\000t\000e\000r\000\040\000B\000E\000T\000s}{section*.44}% 47
\BOOKMARK [1][-]{section*.48}{\376\377\000C\000.\000H\000.\000U\000.\000D\000.}{chapter*.43}% 48
\BOOKMARK [2][-]{section*.49}{\376\377\000C\000O\000S\000T\000s\000\040\000a\000n\000d\000\040\000H\000A\000B\000I\000T\000s}{section*.48}% 49
\BOOKMARK [2][-]{section*.50}{\376\377\000U\000N\000K\000N\000O\000W\000N\000s\000\040\000a\000n\000d\000\040\000D\000O\000U\000B\000T\000s}{section*.48}% 50
\BOOKMARK [0][-]{chapter*.51}{\376\377\000\050\000P\000A\000R\000T\000\051\000\040\000T\000h\000e\000\040\000I\000.\000B\000.\000C\000.}{}% 51
\BOOKMARK [0][-]{chapter*.52}{\376\377\000E\000d\000u\000c\000a\000t\000i\000o\000n}{}% 52
\BOOKMARK [1][-]{section*.53}{\376\377\000I\000n\000t\000e\000l\000l\000e\000c\000t\000u\000a\000l\000\040\000B\000o\000o\000t\000c\000a\000m\000p}{chapter*.52}% 53
\BOOKMARK [2][-]{section*.54}{\376\377\000P\000r\000o\000m\000p\000t\000\040\0001}{section*.53}% 54
\BOOKMARK [2][-]{section*.55}{\376\377\000A\000d\000m\000i\000s\000s\000i\000o\000n\000s}{section*.53}% 55
\BOOKMARK [2][-]{section*.56}{\376\377\000C\000h\000a\000l\000l\000e\000n\000g\000e\000\040\000y\000o\000u\000r\000s\000e\000l\000f}{section*.53}% 56
\BOOKMARK [1][-]{section*.57}{\376\377\000S\000t\000u\000d\000e\000n\000t}{chapter*.52}% 57
\BOOKMARK [2][-]{section*.58}{\376\377\000S\000t\000u\000d\000e\000n\000t\000\040\000G\000O\000A\000L}{section*.57}% 58
\BOOKMARK [2][-]{section*.59}{\376\377\000A\000g\000r\000e\000e\000m\000e\000n\000t\000-\0001}{section*.57}% 59
\BOOKMARK [2][-]{section*.60}{\376\377\000S\000t\000u\000d\000e\000n\000t\000\040\000P\000L\000A\000N}{section*.57}% 60
\BOOKMARK [2][-]{section*.61}{\376\377\000C\000o\000u\000r\000s\000e\000\040\000C\000o\000n\000t\000e\000n\000t}{section*.57}% 61
\BOOKMARK [1][-]{section*.62}{\376\377\000R\000o\000l\000e\000s}{chapter*.52}% 62
\BOOKMARK [2][-]{section*.63}{\376\377\000T\000h\000i\000n\000k}{section*.62}% 63
\BOOKMARK [2][-]{section*.64}{\376\377\000R\000E\000A\000D}{section*.62}% 64
\BOOKMARK [2][-]{section*.65}{\376\377\000H\000o\000w\000\040\000t\000o\000\040\000R\000e\000a\000d}{section*.62}% 65
\BOOKMARK [2][-]{section*.66}{\376\377\000R\000E\000A\000D\000\040\000P\000I\000T\000C\000H}{section*.62}% 66
\BOOKMARK [2][-]{section*.67}{\376\377\000W\000r\000i\000t\000e\000\040\000P\000I\000T\000C\000H}{section*.62}% 67
\BOOKMARK [2][-]{section*.68}{\376\377\000W\000R\000I\000T\000E\000\040\000P\000L\000A\000N}{section*.62}% 68
\BOOKMARK [2][-]{section*.69}{\376\377\000I\000n\000s\000t\000r\000u\000c\000t\000o\000r}{section*.62}% 69
\BOOKMARK [1][-]{section*.70}{\376\377\000B\000o\000o\000k\000\040\000o\000f\000\040\000A\000n\000s\000w\000e\000r\000s}{chapter*.52}% 70
\BOOKMARK [0][-]{chapter*.71}{\376\377\000W\000O\000R\000D\000S}{}% 71
\BOOKMARK [1][-]{section*.72}{\376\377\000C\000o\000g\000n\000i\000t\000i\000o\000n}{chapter*.71}% 72
\BOOKMARK [2][-]{section*.73}{\376\377\000P\000I\000T\000C\000H}{section*.72}% 73
\BOOKMARK [2][-]{section*.74}{\376\377\000P\000r\000o\000b\000l\000e\000m}{section*.72}% 74
\BOOKMARK [2][-]{section*.75}{\376\377\000K\000i\000n\000d\000s\000\040\000a\000n\000d\000\040\000U\000s\000e\000s}{section*.72}% 75
\BOOKMARK [2][-]{section*.76}{\376\377\000W\000O\000R\000D\000\040\000a\000s\000\040\000B\000E\000T}{section*.72}% 76
\BOOKMARK [2][-]{section*.77}{\376\377\000W\000O\000R\000D\000\040\000a\000s\000\040\000s\000i\000m\000u\000l\000a\000t\000i\000o\000n}{section*.72}% 77
\BOOKMARK [2][-]{section*.78}{\376\377\000W\000O\000R\000D\000\040\000P\000L\000A\000N}{section*.72}% 78
\BOOKMARK [1][-]{section*.79}{\376\377\000S\000p\000e\000a\000k\000/\000W\000r\000i\000t\000e}{chapter*.71}% 79
\BOOKMARK [2][-]{section*.80}{\376\377\000W\000R\000I\000T\000E\000\040\000P\000L\000A\000N}{section*.79}% 80
\BOOKMARK [2][-]{section*.81}{\376\377\000R\000E\000A\000D\000\040\000P\000L\000A\000N}{section*.79}% 81
\BOOKMARK [2][-]{section*.82}{\376\377\000E\000X\000A\000M\000P\000L\000E\000\040\000a\000n\000d\000\040\000I\000D\000E\000A}{section*.79}% 82
\BOOKMARK [2][-]{section*.83}{\376\377\000R\000O\000L\000E\000\040\000S\000c\000i\000e\000n\000t\000i\000s\000t}{section*.79}% 83
\BOOKMARK [0][-]{chapter*.84}{\376\377\000R\000e\000v\000i\000s\000i\000o\000n\000s}{}% 84
\BOOKMARK [1][-]{section*.85}{\376\377\000S\000k\000i\000l\000l\000e\000d\000\040\000R\000e\000f\000l\000e\000c\000t\000i\000o\000n}{chapter*.84}% 85
\BOOKMARK [2][-]{section*.86}{\376\377\000S\000e\000s\000s\000i\000o\000n}{section*.85}% 86
\BOOKMARK [2][-]{section*.87}{\376\377\000P\000r\000o\000m\000p\000t\000s}{section*.85}% 87
\BOOKMARK [2][-]{section*.88}{\376\377\000W\000o\000r\000d\000\040\000L\000i\000m\000i\000t\000s}{section*.85}% 88
\BOOKMARK [2][-]{section*.89}{\376\377\000T\000i\000m\000e\000\040\000L\000i\000m\000i\000t\000s}{section*.85}% 89
\BOOKMARK [2][-]{section*.90}{\376\377\000L\000E\000S\000S\000O\000N\000s}{section*.85}% 90
\BOOKMARK [1][-]{section*.91}{\376\377\000R\000e\000v\000i\000s\000i\000o\000n}{chapter*.84}% 91
\BOOKMARK [2][-]{section*.92}{\376\377\000R\000E\000V\000I\000S\000E}{section*.91}% 92
\BOOKMARK [2][-]{section*.96}{\376\377\000c\000t\000d\000.}{section*.91}% 93
\BOOKMARK [2][-]{section*.97}{\376\377\000R\000e\000v\000i\000s\000i\000o\000n\000\040\000P\000L\000A\000N}{section*.91}% 94
\BOOKMARK [2][-]{section*.98}{\376\377\000N\000O\000T\000E\000S\000\040\000a\000n\000d\000\040\000P\000E\000E\000R\000s}{section*.91}% 95
\BOOKMARK [2][-]{section*.99}{\376\377\000D\000O\000C\000\040\000t\000y\000p\000e\000s}{section*.91}% 96
\BOOKMARK [0][-]{chapter*.100}{\376\377\000C\000o\000m\000m\000u\000n\000i\000c\000a\000t\000i\000o\000n}{}% 97
\BOOKMARK [1][-]{section*.101}{\376\377\000S\000T\000Y\000L\000E}{chapter*.100}% 98
\BOOKMARK [2][-]{section*.102}{\376\377\000G\000o\000a\000l}{section*.101}% 99
\BOOKMARK [2][-]{section*.103}{\376\377\000C\000O\000M\000M\000\040\000p\000r\000o\000b\000l\000e\000m}{section*.101}% 100
\BOOKMARK [2][-]{section*.104}{\376\377\000P\000R\000I\000s\000\040\000d\000i\000f\000f\000e\000r}{section*.101}% 101
\BOOKMARK [2][-]{section*.105}{\376\377\000N\000O\000R\000M\000s\000\040\000S\000T\000Y\000L\000E}{section*.101}% 102
\BOOKMARK [1][-]{section*.106}{\376\377\000L\000i\000b\000r\000a\000r\000y}{chapter*.100}% 103
\BOOKMARK [2][-]{section*.107}{\376\377\000D\000e\000f}{section*.106}% 104
\BOOKMARK [2][-]{section*.108}{\376\377\000L\000I\000B\000\040\000a\000s\000\040\000P\000R\000I}{section*.106}% 105
\BOOKMARK [2][-]{section*.109}{\376\377\000R\000e\000f\000e\000r\000e\000n\000c\000e\000\040\000s\000y\000s\000t\000e\000m}{section*.106}% 106
\BOOKMARK [2][-]{section*.110}{\376\377\000T\000h\000e\000\040\000A\000n\000s\000w\000e\000r\000w\000o\000r\000d}{section*.106}% 107
\BOOKMARK [1][-]{section*.111}{\376\377\000O\000u\000t\000t\000a\000k\000e\000s}{chapter*.100}% 108
\BOOKMARK [2][-]{section*.112}{\376\377\000Y\000o\000u\000r\000\040\000C\000a\000l\000l\000i\000n\000g\000,\000\040\000P\000a\000r\000t\000\040\000I\000I}{section*.111}% 109
\BOOKMARK [2][-]{section*.113}{\376\377\000I\000n\000s\000t\000r\000u\000c\000t\000o\000r\000\040\0000\000\040\000t\000o\000\040\000I\000n\000s\000t\000r\000u\000c\000t\000o\000r\000s\000\040\000\050\000S\000R\000.\000v\0001\000\051}{section*.111}% 110
\BOOKMARK [0][-]{chapter*.114}{\376\377\000\050\000A\000P\000P\000E\000N\000D\000I\000X\000\051\000\040\000L\000e\000s\000s\000o\000n\000s}{}% 111
\BOOKMARK [0][-]{chapter*.115}{\376\377\000Z\000e\000r\000o\000\040\000o\000r\000\040\000O\000n\000e}{}% 112
\BOOKMARK [0][-]{chapter*.116}{\376\377\000D\000e\000f\000i\000n\000e\000\040\000Y\000o\000u\000r\000s\000e\000l\000f}{}% 113
\BOOKMARK [1][-]{section*.117}{\376\377\000R\000o\000u\000t\000i\000n\000e\000\040\000a\000n\000d\000\040\000I\000d\000e\000a\000l}{chapter*.116}% 114
\BOOKMARK [2][-]{section*.118}{\376\377\000S\000E\000L\000F\000-\0007\0005\0000}{section*.117}% 115
\BOOKMARK [0][-]{chapter*.122}{\376\377\000S\000t\000u\000d\000e\000n\000t\000\040\000i\000n\000\040\000S\000c\000h\000o\000o\000l}{}% 116
\BOOKMARK [1][-]{section*.123}{\376\377\000P\000a\000r\000t\000\040\0001\000:\000\040\0001\0000\000\040\000y\000e\000a\000r\000\040\000p\000l\000a\000n}{chapter*.122}% 117
\BOOKMARK [2][-]{section*.124}{\376\377\000T\000a\000s\000k\000\040\0001\000.\000\040\0003\000m\000,\000\040\0004\0000\000w\000.}{section*.123}% 118
\BOOKMARK [2][-]{section*.125}{\376\377\000T\000a\000s\000k\000\040\0002\000.\000\040\0003\000m\000,\000\040\0004\0000\000w\000.}{section*.123}% 119
\BOOKMARK [2][-]{section*.126}{\376\377\000T\000a\000s\000k\000\040\0003\000.\000\040\0005\000m\000,\000\040\0005\0000\000w\000.}{section*.123}% 120
\BOOKMARK [2][-]{section*.127}{\376\377\000T\000a\000s\000k\000\040\0004\000.\000\040\0001\0005\000m\000,\000\040\0001\0000\0000\000w\000.}{section*.123}% 121
\BOOKMARK [2][-]{section*.128}{\376\377\000T\000a\000s\000k\000\040\0005\000.\000\040\0001\0005\000m\000,\000\040\0005\0000\000w\000.}{section*.123}% 122
\BOOKMARK [1][-]{section*.129}{\376\377\000P\000a\000r\000t\000\040\0002\000:\000\040\000T\000w\000o\000\040\000w\000e\000e\000k\000\040\000p\000l\000a\000n}{chapter*.122}% 123
\BOOKMARK [0][-]{chapter*.130}{\376\377\000D\000O\000U\000B\000T}{}% 124
\BOOKMARK [1][-]{section*.131}{\376\377\000T\000a\000s\000k\000\040\0001\000.\000\040\0004\000m\000,\000\040\0004\0000\000w\000.}{chapter*.130}% 125
\BOOKMARK [1][-]{section*.132}{\376\377\000T\000a\000s\000k\000\040\0003\000.\000\040\0001\0005\000m\000,\000\040\0002\0000\0000\000w\000.}{chapter*.130}% 126
\BOOKMARK [1][-]{section*.133}{\376\377\000T\000a\000s\000k\000\040\0005\000.\000\040\0001\0005\000m\000,\000\040\0000\000w\000.}{chapter*.130}% 127
\BOOKMARK [0][-]{chapter*.134}{\376\377\000`\000`\000S\000e\000l\000f\000-\000t\000e\000s\000t\000i\000n\000g\000'\000'}{}% 128
\BOOKMARK [1][-]{section*.135}{\376\377\000S\000E\000L\000F\000-\000e\000x\000p\000-\000e}{chapter*.134}% 129
\BOOKMARK [1][-]{section*.136}{\376\377\000P\000P\000L\000-\000T\000h\000e\000\040\000w\000o\000r\000l\000d}{chapter*.134}% 130
